<?xml version="1.0" encoding="UTF-8"?>
<testsuite xmlns:xsi="http://www.w3.org/2001/XMLSchema-instance" xsi:noNamespaceSchemaLocation="https://maven.apache.org/surefire/maven-surefire-plugin/xsd/surefire-test-report-3.0.xsd" version="3.0" name="TestSuite" time="35.162" tests="2" errors="0" skipped="0" failures="0">
  <properties>
    <property name="java.specification.version" value="15"/>
    <property name="webdriver.chrome.driver" value="src/test/resources/drivers/mac/chromedriver"/>
    <property name="sun.jnu.encoding" value="UTF-8"/>
    <property name="java.class.path" value="/Users/testautomation/MyProject/Demo_WebAutomationTask_Selenium_BDD/target/test-classes:/Users/testautomation/MyProject/Demo_WebAutomationTask_Selenium_BDD/target/classes:/Users/testautomation/.m2/repository/io/cucumber/cucumber-testng/3.0.2/cucumber-testng-3.0.2.jar:/Users/testautomation/.m2/repository/io/cucumber/cucumber-core/3.0.2/cucumber-core-3.0.2.jar:/Users/testautomation/.m2/repository/io/cucumber/cucumber-html/0.2.7/cucumber-html-0.2.7.jar:/Users/testautomation/.m2/repository/io/cucumber/gherkin/5.0.0/gherkin-5.0.0.jar:/Users/testautomation/.m2/repository/io/cucumber/tag-expressions/1.1.1/tag-expressions-1.1.1.jar:/Users/testautomation/.m2/repository/io/cucumber/cucumber-expressions/5.0.19/cucumber-expressions-5.0.19.jar:/Users/testautomation/.m2/repository/io/cucumber/datatable/1.0.3/datatable-1.0.3.jar:/Users/testautomation/.m2/repository/io/cucumber/datatable-dependencies/1.0.3/datatable-dependencies-1.0.3.jar:/Users/testautomation/.m2/repository/io/cucumber/cucumber-java/3.0.2/cucumber-java-3.0.2.jar:/Users/testautomation/.m2/repository/org/seleniumhq/selenium/selenium-java/3.12.0/selenium-java-3.12.0.jar:/Users/testautomation/.m2/repository/org/seleniumhq/selenium/selenium-api/3.12.0/selenium-api-3.12.0.jar:/Users/testautomation/.m2/repository/org/seleniumhq/selenium/selenium-chrome-driver/3.12.0/selenium-chrome-driver-3.12.0.jar:/Users/testautomation/.m2/repository/org/seleniumhq/selenium/selenium-edge-driver/3.12.0/selenium-edge-driver-3.12.0.jar:/Users/testautomation/.m2/repository/org/seleniumhq/selenium/selenium-firefox-driver/3.12.0/selenium-firefox-driver-3.12.0.jar:/Users/testautomation/.m2/repository/org/seleniumhq/selenium/selenium-ie-driver/3.12.0/selenium-ie-driver-3.12.0.jar:/Users/testautomation/.m2/repository/org/seleniumhq/selenium/selenium-opera-driver/3.12.0/selenium-opera-driver-3.12.0.jar:/Users/testautomation/.m2/repository/org/seleniumhq/selenium/selenium-remote-driver/3.12.0/selenium-remote-driver-3.12.0.jar:/Users/testautomation/.m2/repository/org/seleniumhq/selenium/selenium-safari-driver/3.12.0/selenium-safari-driver-3.12.0.jar:/Users/testautomation/.m2/repository/org/seleniumhq/selenium/selenium-support/3.12.0/selenium-support-3.12.0.jar:/Users/testautomation/.m2/repository/net/bytebuddy/byte-buddy/1.8.3/byte-buddy-1.8.3.jar:/Users/testautomation/.m2/repository/org/apache/commons/commons-exec/1.3/commons-exec-1.3.jar:/Users/testautomation/.m2/repository/commons-codec/commons-codec/1.10/commons-codec-1.10.jar:/Users/testautomation/.m2/repository/commons-logging/commons-logging/1.2/commons-logging-1.2.jar:/Users/testautomation/.m2/repository/com/google/code/gson/gson/2.8.2/gson-2.8.2.jar:/Users/testautomation/.m2/repository/com/google/guava/guava/23.6-jre/guava-23.6-jre.jar:/Users/testautomation/.m2/repository/com/google/code/findbugs/jsr305/1.3.9/jsr305-1.3.9.jar:/Users/testautomation/.m2/repository/org/checkerframework/checker-compat-qual/2.0.0/checker-compat-qual-2.0.0.jar:/Users/testautomation/.m2/repository/com/google/errorprone/error_prone_annotations/2.1.3/error_prone_annotations-2.1.3.jar:/Users/testautomation/.m2/repository/com/google/j2objc/j2objc-annotations/1.1/j2objc-annotations-1.1.jar:/Users/testautomation/.m2/repository/org/codehaus/mojo/animal-sniffer-annotations/1.14/animal-sniffer-annotations-1.14.jar:/Users/testautomation/.m2/repository/org/apache/httpcomponents/httpclient/4.5.3/httpclient-4.5.3.jar:/Users/testautomation/.m2/repository/org/apache/httpcomponents/httpcore/4.4.6/httpcore-4.4.6.jar:/Users/testautomation/.m2/repository/com/squareup/okhttp3/okhttp/3.9.1/okhttp-3.9.1.jar:/Users/testautomation/.m2/repository/com/squareup/okio/okio/1.13.0/okio-1.13.0.jar:/Users/testautomation/.m2/repository/org/apache/poi/poi/4.1.1/poi-4.1.1.jar:/Users/testautomation/.m2/repository/org/apache/commons/commons-collections4/4.4/commons-collections4-4.4.jar:/Users/testautomation/.m2/repository/org/apache/commons/commons-math3/3.6.1/commons-math3-3.6.1.jar:/Users/testautomation/.m2/repository/org/apache/poi/poi-ooxml/4.1.1/poi-ooxml-4.1.1.jar:/Users/testautomation/.m2/repository/org/apache/poi/poi-ooxml-schemas/4.1.1/poi-ooxml-schemas-4.1.1.jar:/Users/testautomation/.m2/repository/org/apache/xmlbeans/xmlbeans/3.1.0/xmlbeans-3.1.0.jar:/Users/testautomation/.m2/repository/org/apache/commons/commons-compress/1.19/commons-compress-1.19.jar:/Users/testautomation/.m2/repository/com/github/virtuald/curvesapi/1.06/curvesapi-1.06.jar:/Users/testautomation/.m2/repository/org/testng/testng/6.14.3/testng-6.14.3.jar:/Users/testautomation/.m2/repository/com/beust/jcommander/1.72/jcommander-1.72.jar:/Users/testautomation/.m2/repository/org/apache-extras/beanshell/bsh/2.0b6/bsh-2.0b6.jar:/Users/testautomation/.m2/repository/commons-validator/commons-validator/1.5.1/commons-validator-1.5.1.jar:/Users/testautomation/.m2/repository/commons-beanutils/commons-beanutils/1.9.2/commons-beanutils-1.9.2.jar:/Users/testautomation/.m2/repository/commons-digester/commons-digester/1.8.1/commons-digester-1.8.1.jar:/Users/testautomation/.m2/repository/commons-collections/commons-collections/3.2.2/commons-collections-3.2.2.jar:/Users/testautomation/.m2/repository/org/apache/maven/plugins/maven-surefire-plugin/2.16/maven-surefire-plugin-2.16.jar:/Users/testautomation/.m2/repository/org/apache/maven/maven-plugin-api/2.0.9/maven-plugin-api-2.0.9.jar:/Users/testautomation/.m2/repository/org/apache/maven/surefire/maven-surefire-common/2.16/maven-surefire-common-2.16.jar:/Users/testautomation/.m2/repository/org/apache/maven/surefire/surefire-booter/2.16/surefire-booter-2.16.jar:/Users/testautomation/.m2/repository/org/apache/maven/maven-artifact/2.0.9/maven-artifact-2.0.9.jar:/Users/testautomation/.m2/repository/org/apache/maven/maven-plugin-descriptor/2.0.9/maven-plugin-descriptor-2.0.9.jar:/Users/testautomation/.m2/repository/org/codehaus/plexus/plexus-container-default/1.0-alpha-9-stable-1/plexus-container-default-1.0-alpha-9-stable-1.jar:/Users/testautomation/.m2/repository/junit/junit/3.8.1/junit-3.8.1.jar:/Users/testautomation/.m2/repository/org/apache/maven/maven-project/2.0.9/maven-project-2.0.9.jar:/Users/testautomation/.m2/repository/org/apache/maven/maven-settings/2.0.9/maven-settings-2.0.9.jar:/Users/testautomation/.m2/repository/org/apache/maven/maven-profile/2.0.9/maven-profile-2.0.9.jar:/Users/testautomation/.m2/repository/org/apache/maven/maven-artifact-manager/2.0.9/maven-artifact-manager-2.0.9.jar:/Users/testautomation/.m2/repository/org/apache/maven/maven-plugin-registry/2.0.9/maven-plugin-registry-2.0.9.jar:/Users/testautomation/.m2/repository/org/apache/maven/maven-model/2.0.9/maven-model-2.0.9.jar:/Users/testautomation/.m2/repository/org/apache/maven/maven-core/2.0.9/maven-core-2.0.9.jar:/Users/testautomation/.m2/repository/org/apache/maven/maven-plugin-parameter-documenter/2.0.9/maven-plugin-parameter-documenter-2.0.9.jar:/Users/testautomation/.m2/repository/org/apache/maven/reporting/maven-reporting-api/2.0.9/maven-reporting-api-2.0.9.jar:/Users/testautomation/.m2/repository/org/apache/maven/wagon/wagon-provider-api/1.0-beta-2/wagon-provider-api-1.0-beta-2.jar:/Users/testautomation/.m2/repository/org/apache/maven/maven-repository-metadata/2.0.9/maven-repository-metadata-2.0.9.jar:/Users/testautomation/.m2/repository/org/apache/maven/maven-error-diagnostics/2.0.9/maven-error-diagnostics-2.0.9.jar:/Users/testautomation/.m2/repository/org/apache/maven/maven-monitor/2.0.9/maven-monitor-2.0.9.jar:/Users/testautomation/.m2/repository/classworlds/classworlds/1.1/classworlds-1.1.jar:/Users/testautomation/.m2/repository/org/apache/maven/surefire/surefire-api/2.16/surefire-api-2.16.jar:/Users/testautomation/.m2/repository/org/apache/maven/maven-toolchain/2.0.9/maven-toolchain-2.0.9.jar:/Users/testautomation/.m2/repository/org/apache/maven/plugin-tools/maven-plugin-annotations/3.2/maven-plugin-annotations-3.2.jar:/Users/testautomation/.m2/repository/net/masterthought/cucumber-reporting/3.15.0/cucumber-reporting-3.15.0.jar:/Users/testautomation/.m2/repository/org/apache/logging/log4j/log4j-api/2.8.2/log4j-api-2.8.2.jar:/Users/testautomation/.m2/repository/org/apache/logging/log4j/log4j-core/2.8.2/log4j-core-2.8.2.jar:/Users/testautomation/.m2/repository/com/fasterxml/jackson/core/jackson-databind/2.8.6/jackson-databind-2.8.6.jar:/Users/testautomation/.m2/repository/com/fasterxml/jackson/core/jackson-annotations/2.8.0/jackson-annotations-2.8.0.jar:/Users/testautomation/.m2/repository/com/fasterxml/jackson/core/jackson-core/2.8.6/jackson-core-2.8.6.jar:/Users/testautomation/.m2/repository/org/apache/velocity/velocity/1.7/velocity-1.7.jar:/Users/testautomation/.m2/repository/commons-lang/commons-lang/2.4/commons-lang-2.4.jar:/Users/testautomation/.m2/repository/velocity-tools/velocity-tools/1.4/velocity-tools-1.4.jar:/Users/testautomation/.m2/repository/joda-time/joda-time/2.9.9/joda-time-2.9.9.jar:/Users/testautomation/.m2/repository/org/apache/commons/commons-lang3/3.6/commons-lang3-3.6.jar:/Users/testautomation/.m2/repository/commons-io/commons-io/2.5/commons-io-2.5.jar:/Users/testautomation/.m2/repository/net/lingala/zip4j/zip4j/1.3.2/zip4j-1.3.2.jar:/Users/testautomation/.m2/repository/org/codehaus/plexus/plexus-utils/3.0.24/plexus-utils-3.0.24.jar:/Users/testautomation/.m2/repository/org/jsoup/jsoup/1.10.3/jsoup-1.10.3.jar:/Users/testautomation/.m2/repository/com/googlecode/owasp-java-html-sanitizer/owasp-java-html-sanitizer/20170515.1/owasp-java-html-sanitizer-20170515.1.jar:/Users/testautomation/.m2/repository/commons-configuration/commons-configuration/1.6/commons-configuration-1.6.jar:/Users/testautomation/.m2/repository/commons-beanutils/commons-beanutils-core/1.8.0/commons-beanutils-core-1.8.0.jar:/Users/testautomation/.m2/repository/org/apache/ant/ant/1.9.6/ant-1.9.6.jar:/Users/testautomation/.m2/repository/org/apache/ant/ant-launcher/1.9.6/ant-launcher-1.9.6.jar:"/>
    <property name="java.vm.vendor" value="Oracle Corporation"/>
    <property name="sun.arch.data.model" value="64"/>
    <property name="java.vendor.url" value="https://openjdk.java.net/"/>
    <property name="user.timezone" value="Europe/London"/>
    <property name="os.name" value="Mac OS X"/>
    <property name="java.vm.specification.version" value="15"/>
    <property name="sun.java.launcher" value="SUN_STANDARD"/>
    <property name="user.country" value="GB"/>
    <property name="sun.boot.library.path" value="/usr/local/Cellar/openjdk/15.0.1/libexec/openjdk.jdk/Contents/Home/lib"/>
    <property name="sun.java.command" value="/Users/testautomation/MyProject/Demo_WebAutomationTask_Selenium_BDD/target/surefire/surefirebooter18233270566373728506.jar /Users/testautomation/MyProject/Demo_WebAutomationTask_Selenium_BDD/target/surefire 2021-03-21T03-34-29_753-jvmRun1 surefire5120586120314700593tmp surefire_04879651244624456619tmp"/>
    <property name="http.nonProxyHosts" value="local|*.local|169.254/16|*.169.254/16"/>
    <property name="jdk.debug" value="release"/>
    <property name="surefire.test.class.path" value="/Users/testautomation/MyProject/Demo_WebAutomationTask_Selenium_BDD/target/test-classes:/Users/testautomation/MyProject/Demo_WebAutomationTask_Selenium_BDD/target/classes:/Users/testautomation/.m2/repository/io/cucumber/cucumber-testng/3.0.2/cucumber-testng-3.0.2.jar:/Users/testautomation/.m2/repository/io/cucumber/cucumber-core/3.0.2/cucumber-core-3.0.2.jar:/Users/testautomation/.m2/repository/io/cucumber/cucumber-html/0.2.7/cucumber-html-0.2.7.jar:/Users/testautomation/.m2/repository/io/cucumber/gherkin/5.0.0/gherkin-5.0.0.jar:/Users/testautomation/.m2/repository/io/cucumber/tag-expressions/1.1.1/tag-expressions-1.1.1.jar:/Users/testautomation/.m2/repository/io/cucumber/cucumber-expressions/5.0.19/cucumber-expressions-5.0.19.jar:/Users/testautomation/.m2/repository/io/cucumber/datatable/1.0.3/datatable-1.0.3.jar:/Users/testautomation/.m2/repository/io/cucumber/datatable-dependencies/1.0.3/datatable-dependencies-1.0.3.jar:/Users/testautomation/.m2/repository/io/cucumber/cucumber-java/3.0.2/cucumber-java-3.0.2.jar:/Users/testautomation/.m2/repository/org/seleniumhq/selenium/selenium-java/3.12.0/selenium-java-3.12.0.jar:/Users/testautomation/.m2/repository/org/seleniumhq/selenium/selenium-api/3.12.0/selenium-api-3.12.0.jar:/Users/testautomation/.m2/repository/org/seleniumhq/selenium/selenium-chrome-driver/3.12.0/selenium-chrome-driver-3.12.0.jar:/Users/testautomation/.m2/repository/org/seleniumhq/selenium/selenium-edge-driver/3.12.0/selenium-edge-driver-3.12.0.jar:/Users/testautomation/.m2/repository/org/seleniumhq/selenium/selenium-firefox-driver/3.12.0/selenium-firefox-driver-3.12.0.jar:/Users/testautomation/.m2/repository/org/seleniumhq/selenium/selenium-ie-driver/3.12.0/selenium-ie-driver-3.12.0.jar:/Users/testautomation/.m2/repository/org/seleniumhq/selenium/selenium-opera-driver/3.12.0/selenium-opera-driver-3.12.0.jar:/Users/testautomation/.m2/repository/org/seleniumhq/selenium/selenium-remote-driver/3.12.0/selenium-remote-driver-3.12.0.jar:/Users/testautomation/.m2/repository/org/seleniumhq/selenium/selenium-safari-driver/3.12.0/selenium-safari-driver-3.12.0.jar:/Users/testautomation/.m2/repository/org/seleniumhq/selenium/selenium-support/3.12.0/selenium-support-3.12.0.jar:/Users/testautomation/.m2/repository/net/bytebuddy/byte-buddy/1.8.3/byte-buddy-1.8.3.jar:/Users/testautomation/.m2/repository/org/apache/commons/commons-exec/1.3/commons-exec-1.3.jar:/Users/testautomation/.m2/repository/commons-codec/commons-codec/1.10/commons-codec-1.10.jar:/Users/testautomation/.m2/repository/commons-logging/commons-logging/1.2/commons-logging-1.2.jar:/Users/testautomation/.m2/repository/com/google/code/gson/gson/2.8.2/gson-2.8.2.jar:/Users/testautomation/.m2/repository/com/google/guava/guava/23.6-jre/guava-23.6-jre.jar:/Users/testautomation/.m2/repository/com/google/code/findbugs/jsr305/1.3.9/jsr305-1.3.9.jar:/Users/testautomation/.m2/repository/org/checkerframework/checker-compat-qual/2.0.0/checker-compat-qual-2.0.0.jar:/Users/testautomation/.m2/repository/com/google/errorprone/error_prone_annotations/2.1.3/error_prone_annotations-2.1.3.jar:/Users/testautomation/.m2/repository/com/google/j2objc/j2objc-annotations/1.1/j2objc-annotations-1.1.jar:/Users/testautomation/.m2/repository/org/codehaus/mojo/animal-sniffer-annotations/1.14/animal-sniffer-annotations-1.14.jar:/Users/testautomation/.m2/repository/org/apache/httpcomponents/httpclient/4.5.3/httpclient-4.5.3.jar:/Users/testautomation/.m2/repository/org/apache/httpcomponents/httpcore/4.4.6/httpcore-4.4.6.jar:/Users/testautomation/.m2/repository/com/squareup/okhttp3/okhttp/3.9.1/okhttp-3.9.1.jar:/Users/testautomation/.m2/repository/com/squareup/okio/okio/1.13.0/okio-1.13.0.jar:/Users/testautomation/.m2/repository/org/apache/poi/poi/4.1.1/poi-4.1.1.jar:/Users/testautomation/.m2/repository/org/apache/commons/commons-collections4/4.4/commons-collections4-4.4.jar:/Users/testautomation/.m2/repository/org/apache/commons/commons-math3/3.6.1/commons-math3-3.6.1.jar:/Users/testautomation/.m2/repository/org/apache/poi/poi-ooxml/4.1.1/poi-ooxml-4.1.1.jar:/Users/testautomation/.m2/repository/org/apache/poi/poi-ooxml-schemas/4.1.1/poi-ooxml-schemas-4.1.1.jar:/Users/testautomation/.m2/repository/org/apache/xmlbeans/xmlbeans/3.1.0/xmlbeans-3.1.0.jar:/Users/testautomation/.m2/repository/org/apache/commons/commons-compress/1.19/commons-compress-1.19.jar:/Users/testautomation/.m2/repository/com/github/virtuald/curvesapi/1.06/curvesapi-1.06.jar:/Users/testautomation/.m2/repository/org/testng/testng/6.14.3/testng-6.14.3.jar:/Users/testautomation/.m2/repository/com/beust/jcommander/1.72/jcommander-1.72.jar:/Users/testautomation/.m2/repository/org/apache-extras/beanshell/bsh/2.0b6/bsh-2.0b6.jar:/Users/testautomation/.m2/repository/commons-validator/commons-validator/1.5.1/commons-validator-1.5.1.jar:/Users/testautomation/.m2/repository/commons-beanutils/commons-beanutils/1.9.2/commons-beanutils-1.9.2.jar:/Users/testautomation/.m2/repository/commons-digester/commons-digester/1.8.1/commons-digester-1.8.1.jar:/Users/testautomation/.m2/repository/commons-collections/commons-collections/3.2.2/commons-collections-3.2.2.jar:/Users/testautomation/.m2/repository/org/apache/maven/plugins/maven-surefire-plugin/2.16/maven-surefire-plugin-2.16.jar:/Users/testautomation/.m2/repository/org/apache/maven/maven-plugin-api/2.0.9/maven-plugin-api-2.0.9.jar:/Users/testautomation/.m2/repository/org/apache/maven/surefire/maven-surefire-common/2.16/maven-surefire-common-2.16.jar:/Users/testautomation/.m2/repository/org/apache/maven/surefire/surefire-booter/2.16/surefire-booter-2.16.jar:/Users/testautomation/.m2/repository/org/apache/maven/maven-artifact/2.0.9/maven-artifact-2.0.9.jar:/Users/testautomation/.m2/repository/org/apache/maven/maven-plugin-descriptor/2.0.9/maven-plugin-descriptor-2.0.9.jar:/Users/testautomation/.m2/repository/org/codehaus/plexus/plexus-container-default/1.0-alpha-9-stable-1/plexus-container-default-1.0-alpha-9-stable-1.jar:/Users/testautomation/.m2/repository/junit/junit/3.8.1/junit-3.8.1.jar:/Users/testautomation/.m2/repository/org/apache/maven/maven-project/2.0.9/maven-project-2.0.9.jar:/Users/testautomation/.m2/repository/org/apache/maven/maven-settings/2.0.9/maven-settings-2.0.9.jar:/Users/testautomation/.m2/repository/org/apache/maven/maven-profile/2.0.9/maven-profile-2.0.9.jar:/Users/testautomation/.m2/repository/org/apache/maven/maven-artifact-manager/2.0.9/maven-artifact-manager-2.0.9.jar:/Users/testautomation/.m2/repository/org/apache/maven/maven-plugin-registry/2.0.9/maven-plugin-registry-2.0.9.jar:/Users/testautomation/.m2/repository/org/apache/maven/maven-model/2.0.9/maven-model-2.0.9.jar:/Users/testautomation/.m2/repository/org/apache/maven/maven-core/2.0.9/maven-core-2.0.9.jar:/Users/testautomation/.m2/repository/org/apache/maven/maven-plugin-parameter-documenter/2.0.9/maven-plugin-parameter-documenter-2.0.9.jar:/Users/testautomation/.m2/repository/org/apache/maven/reporting/maven-reporting-api/2.0.9/maven-reporting-api-2.0.9.jar:/Users/testautomation/.m2/repository/org/apache/maven/wagon/wagon-provider-api/1.0-beta-2/wagon-provider-api-1.0-beta-2.jar:/Users/testautomation/.m2/repository/org/apache/maven/maven-repository-metadata/2.0.9/maven-repository-metadata-2.0.9.jar:/Users/testautomation/.m2/repository/org/apache/maven/maven-error-diagnostics/2.0.9/maven-error-diagnostics-2.0.9.jar:/Users/testautomation/.m2/repository/org/apache/maven/maven-monitor/2.0.9/maven-monitor-2.0.9.jar:/Users/testautomation/.m2/repository/classworlds/classworlds/1.1/classworlds-1.1.jar:/Users/testautomation/.m2/repository/org/apache/maven/surefire/surefire-api/2.16/surefire-api-2.16.jar:/Users/testautomation/.m2/repository/org/apache/maven/maven-toolchain/2.0.9/maven-toolchain-2.0.9.jar:/Users/testautomation/.m2/repository/org/apache/maven/plugin-tools/maven-plugin-annotations/3.2/maven-plugin-annotations-3.2.jar:/Users/testautomation/.m2/repository/net/masterthought/cucumber-reporting/3.15.0/cucumber-reporting-3.15.0.jar:/Users/testautomation/.m2/repository/org/apache/logging/log4j/log4j-api/2.8.2/log4j-api-2.8.2.jar:/Users/testautomation/.m2/repository/org/apache/logging/log4j/log4j-core/2.8.2/log4j-core-2.8.2.jar:/Users/testautomation/.m2/repository/com/fasterxml/jackson/core/jackson-databind/2.8.6/jackson-databind-2.8.6.jar:/Users/testautomation/.m2/repository/com/fasterxml/jackson/core/jackson-annotations/2.8.0/jackson-annotations-2.8.0.jar:/Users/testautomation/.m2/repository/com/fasterxml/jackson/core/jackson-core/2.8.6/jackson-core-2.8.6.jar:/Users/testautomation/.m2/repository/org/apache/velocity/velocity/1.7/velocity-1.7.jar:/Users/testautomation/.m2/repository/commons-lang/commons-lang/2.4/commons-lang-2.4.jar:/Users/testautomation/.m2/repository/velocity-tools/velocity-tools/1.4/velocity-tools-1.4.jar:/Users/testautomation/.m2/repository/joda-time/joda-time/2.9.9/joda-time-2.9.9.jar:/Users/testautomation/.m2/repository/org/apache/commons/commons-lang3/3.6/commons-lang3-3.6.jar:/Users/testautomation/.m2/repository/commons-io/commons-io/2.5/commons-io-2.5.jar:/Users/testautomation/.m2/repository/net/lingala/zip4j/zip4j/1.3.2/zip4j-1.3.2.jar:/Users/testautomation/.m2/repository/org/codehaus/plexus/plexus-utils/3.0.24/plexus-utils-3.0.24.jar:/Users/testautomation/.m2/repository/org/jsoup/jsoup/1.10.3/jsoup-1.10.3.jar:/Users/testautomation/.m2/repository/com/googlecode/owasp-java-html-sanitizer/owasp-java-html-sanitizer/20170515.1/owasp-java-html-sanitizer-20170515.1.jar:/Users/testautomation/.m2/repository/commons-configuration/commons-configuration/1.6/commons-configuration-1.6.jar:/Users/testautomation/.m2/repository/commons-beanutils/commons-beanutils-core/1.8.0/commons-beanutils-core-1.8.0.jar:/Users/testautomation/.m2/repository/org/apache/ant/ant/1.9.6/ant-1.9.6.jar:/Users/testautomation/.m2/repository/org/apache/ant/ant-launcher/1.9.6/ant-launcher-1.9.6.jar:"/>
    <property name="sun.cpu.endian" value="little"/>
    <property name="user.home" value="/Users/testautomation"/>
    <property name="user.language" value="en"/>
    <property name="java.specification.vendor" value="Oracle Corporation"/>
    <property name="java.version.date" value="2020-10-20"/>
    <property name="java.home" value="/usr/local/Cellar/openjdk/15.0.1/libexec/openjdk.jdk/Contents/Home"/>
    <property name="file.separator" value="/"/>
    <property name="basedir" value="/Users/testautomation/MyProject/Demo_WebAutomationTask_Selenium_BDD"/>
    <property name="java.vm.compressedOopsMode" value="Zero based"/>
    <property name="line.separator" value="&#10;"/>
    <property name="java.specification.name" value="Java Platform API Specification"/>
    <property name="java.vm.specification.vendor" value="Oracle Corporation"/>
    <property name="surefire.real.class.path" value="/Users/testautomation/MyProject/Demo_WebAutomationTask_Selenium_BDD/target/surefire/surefirebooter18233270566373728506.jar"/>
    <property name="sun.management.compiler" value="HotSpot 64-Bit Tiered Compilers"/>
    <property name="ftp.nonProxyHosts" value="local|*.local|169.254/16|*.169.254/16"/>
    <property name="java.runtime.version" value="15.0.1+9"/>
    <property name="user.name" value="testautomation"/>
    <property name="path.separator" value=":"/>
    <property name="os.version" value="11.1"/>
    <property name="java.runtime.name" value="OpenJDK Runtime Environment"/>
    <property name="file.encoding" value="UTF-8"/>
    <property name="java.vm.name" value="OpenJDK 64-Bit Server VM"/>
    <property name="localRepository" value="/Users/testautomation/.m2/repository"/>
    <property name="java.vendor.url.bug" value="https://bugreport.java.com/bugreport/"/>
    <property name="java.io.tmpdir" value="/var/folders/zl/8qvzfnpd4sv22rhhw_g3dwxc0000gn/T/"/>
    <property name="java.version" value="15.0.1"/>
    <property name="user.dir" value="/Users/testautomation/MyProject/Demo_WebAutomationTask_Selenium_BDD"/>
    <property name="os.arch" value="x86_64"/>
    <property name="java.vm.specification.name" value="Java Virtual Machine Specification"/>
    <property name="java.library.path" value="/Users/testautomation/Library/Java/Extensions:/Library/Java/Extensions:/Network/Library/Java/Extensions:/System/Library/Java/Extensions:/usr/lib/java:."/>
    <property name="java.vm.info" value="mixed mode, sharing"/>
    <property name="java.vendor" value="N/A"/>
    <property name="java.vm.version" value="15.0.1+9"/>
    <property name="sun.io.unicode.encoding" value="UnicodeBig"/>
    <property name="socksNonProxyHosts" value="local|*.local|169.254/16|*.169.254/16"/>
    <property name="java.class.version" value="59.0"/>
  </properties>
  <testcase name="runScenario" classname="com.test.jawahar.runner.CucumberTest" time="18.606"/>
  <testcase name="runScenario" classname="com.test.jawahar.runner.CucumberTest" time="11.153"/>
</testsuite>