<?xml version="1.0" encoding="UTF-8"?>
<!-- Generated by org.testng.reporters.JUnitReportReporter -->
<testsuite hostname="TestAutomations-MacBook-Pro.local" failures="0" tests="2" name="com.test.jawahar.runner.CucumberTest" time="29.759" errors="0" timestamp="21 Mar 2021 03:35:05 GMT" skipped="0">
  <testcase classname="com.test.jawahar.runner.CucumberTest" name="runScenario" time="11.155"/>
  <testcase classname="com.test.jawahar.runner.CucumberTest" name="runScenario" time="18.604"/>
</testsuite> <!-- com.test.jawahar.runner.CucumberTest -->
